0 info it worked if it ends with ok
1 verbose cli [ 'node', '/usr/local/bin/npm', 'install', 'bl', '-g' ]
2 info using npm@1.4.28
3 info using node@v0.10.32
4 verbose cache add [ 'bl', null ]
5 verbose cache add name=undefined spec="bl" args=["bl",null]
6 verbose parsed url { protocol: null,
6 verbose parsed url   slashes: null,
6 verbose parsed url   auth: null,
6 verbose parsed url   host: null,
6 verbose parsed url   port: null,
6 verbose parsed url   hostname: null,
6 verbose parsed url   hash: null,
6 verbose parsed url   search: null,
6 verbose parsed url   query: null,
6 verbose parsed url   pathname: 'bl',
6 verbose parsed url   path: 'bl',
6 verbose parsed url   href: 'bl' }
7 silly lockFile f55fb781-bl bl
8 verbose lock bl /Users/yemol/.npm/f55fb781-bl.lock
9 silly lockFile f55fb781-bl bl
10 silly lockFile f55fb781-bl bl
11 verbose addNamed [ 'bl', '' ]
12 verbose addNamed [ null, '*' ]
13 silly lockFile f83e65ee-bl bl@
14 verbose lock bl@ /Users/yemol/.npm/f83e65ee-bl.lock
15 silly addNameRange { name: 'bl', range: '*', hasData: false }
16 verbose request where is /bl
17 verbose request registry https://registry.npmjs.org/
18 verbose request id ad21aa8047e7e08c
19 verbose url raw /bl
20 verbose url resolving [ 'https://registry.npmjs.org/', './bl' ]
21 verbose url resolved https://registry.npmjs.org/bl
22 verbose request where is https://registry.npmjs.org/bl
23 info trying registry request attempt 1 at 23:55:34
24 verbose etag "1P7ITS9KJLE5GFB5CZ6H5HE83"
25 http GET https://registry.npmjs.org/bl
26 http 304 https://registry.npmjs.org/bl
27 silly registry.get cb [ 304,
27 silly registry.get   { date: 'Mon, 17 Nov 2014 15:55:34 GMT',
27 silly registry.get     server: 'Apache',
27 silly registry.get     via: '1.1 varnish',
27 silly registry.get     'last-modified': 'Mon, 17 Nov 2014 15:39:59 GMT',
27 silly registry.get     'cache-control': 'max-age=60',
27 silly registry.get     etag: '"1P7ITS9KJLE5GFB5CZ6H5HE83"',
27 silly registry.get     age: '29',
27 silly registry.get     'x-served-by': 'cache-sjc3131-SJC',
27 silly registry.get     'x-cache': 'HIT',
27 silly registry.get     'x-cache-hits': '144',
27 silly registry.get     'x-timer': 'S1416239734.945128,VS0,VE0',
27 silly registry.get     vary: 'Accept',
27 silly registry.get     'content-length': '0',
27 silly registry.get     'keep-alive': 'timeout=10, max=50',
27 silly registry.get     connection: 'Keep-Alive' } ]
28 verbose etag https://registry.npmjs.org/bl from cache
29 silly addNameRange number 2 { name: 'bl', range: '*', hasData: true }
30 silly addNameRange versions [ 'bl',
30 silly addNameRange   [ '0.0.0',
30 silly addNameRange     '0.1.0',
30 silly addNameRange     '0.1.1',
30 silly addNameRange     '0.2.0',
30 silly addNameRange     '0.3.0',
30 silly addNameRange     '0.4.0',
30 silly addNameRange     '0.4.1',
30 silly addNameRange     '0.4.2',
30 silly addNameRange     '0.5.0',
30 silly addNameRange     '0.6.0',
30 silly addNameRange     '0.7.0',
30 silly addNameRange     '0.8.0',
30 silly addNameRange     '0.8.1',
30 silly addNameRange     '0.8.2',
30 silly addNameRange     '0.9.0',
30 silly addNameRange     '0.9.1',
30 silly addNameRange     '0.9.2',
30 silly addNameRange     '0.9.3' ] ]
31 verbose addNamed [ 'bl', '0.9.3' ]
32 verbose addNamed [ '0.9.3', '0.9.3' ]
33 silly lockFile eff7bced-bl-0-9-3 bl@0.9.3
34 verbose lock bl@0.9.3 /Users/yemol/.npm/eff7bced-bl-0-9-3.lock
35 silly lockFile eff7bced-bl-0-9-3 bl@0.9.3
36 silly lockFile eff7bced-bl-0-9-3 bl@0.9.3
37 silly lockFile f83e65ee-bl bl@
38 silly lockFile f83e65ee-bl bl@
39 silly resolved [ { name: 'bl',
39 silly resolved     version: '0.9.3',
39 silly resolved     description: 'Buffer List: collect buffers and access with a standard readable Buffer interface, streamable too!',
39 silly resolved     main: 'bl.js',
39 silly resolved     scripts:
39 silly resolved      { test: 'node test/test.js | faucet',
39 silly resolved        'test-local': 'brtapsauce-local test/basic-test.js' },
39 silly resolved     repository: { type: 'git', url: 'https://github.com/rvagg/bl.git' },
39 silly resolved     homepage: 'https://github.com/rvagg/bl',
39 silly resolved     authors:
39 silly resolved      [ 'Rod Vagg <rod@vagg.org> (https://github.com/rvagg)',
39 silly resolved        'Matteo Collina <matteo.collina@gmail.com> (https://github.com/mcollina)',
39 silly resolved        'Jarett Cruger <jcrugzz@gmail.com> (https://github.com/jcrugzz)' ],
39 silly resolved     keywords: [ 'buffer', 'buffers', 'stream', 'awesomesauce' ],
39 silly resolved     license: 'MIT',
39 silly resolved     dependencies: { 'readable-stream': '~1.0.26' },
39 silly resolved     devDependencies:
39 silly resolved      { tape: '~2.12.3',
39 silly resolved        hash_file: '~0.1.1',
39 silly resolved        faucet: '~0.0.1',
39 silly resolved        brtapsauce: '~0.3.0' },
39 silly resolved     gitHead: '4987a76bf6bafd7616e62c7023c955e62f3a9461',
39 silly resolved     bugs: { url: 'https://github.com/rvagg/bl/issues' },
39 silly resolved     _id: 'bl@0.9.3',
39 silly resolved     _shasum: 'c41eff3e7cb31bde107c8f10076d274eff7f7d44',
39 silly resolved     _from: 'bl@',
39 silly resolved     _npmVersion: '1.4.27',
39 silly resolved     _npmUser: { name: 'rvagg', email: 'rod@vagg.org' },
39 silly resolved     maintainers: [ [Object] ],
39 silly resolved     dist:
39 silly resolved      { shasum: 'c41eff3e7cb31bde107c8f10076d274eff7f7d44',
39 silly resolved        tarball: 'http://registry.npmjs.org/bl/-/bl-0.9.3.tgz' },
39 silly resolved     directories: {},
39 silly resolved     _resolved: 'https://registry.npmjs.org/bl/-/bl-0.9.3.tgz',
39 silly resolved     readme: 'ERROR: No README data found!' } ]
40 info install bl@0.9.3 into /usr/local/lib
41 info installOne bl@0.9.3
42 verbose lib/node_modules/bl unbuild
43 verbose tar unpack /Users/yemol/.npm/bl/0.9.3/package.tgz
44 silly lockFile 84070b7e-ar-usr-local-lib-node-modules-bl tar:///usr/local/lib/node_modules/bl
45 verbose lock tar:///usr/local/lib/node_modules/bl /Users/yemol/.npm/84070b7e-ar-usr-local-lib-node-modules-bl.lock
46 silly lockFile 584a1490-s-yemol-npm-bl-0-9-3-package-tgz tar:///Users/yemol/.npm/bl/0.9.3/package.tgz
47 verbose lock tar:///Users/yemol/.npm/bl/0.9.3/package.tgz /Users/yemol/.npm/584a1490-s-yemol-npm-bl-0-9-3-package-tgz.lock
48 silly gunzTarPerm modes [ '755', '644' ]
49 error Error: EACCES, mkdir '/usr/local/lib/node_modules/bl'
49 error  { [Error: EACCES, mkdir '/usr/local/lib/node_modules/bl']
49 error   errno: 3,
49 error   code: 'EACCES',
49 error   path: '/usr/local/lib/node_modules/bl',
49 error   fstream_type: 'Directory',
49 error   fstream_path: '/usr/local/lib/node_modules/bl',
49 error   fstream_class: 'DirWriter',
49 error   fstream_stack:
49 error    [ '/usr/local/lib/node_modules/npm/node_modules/fstream/lib/dir-writer.js:36:23',
49 error      '/usr/local/lib/node_modules/npm/node_modules/mkdirp/index.js:46:53',
49 error      'Object.oncomplete (fs.js:107:15)' ] }
50 error Please try running this command again as root/Administrator.
51 error System Darwin 14.0.0
52 error command "node" "/usr/local/bin/npm" "install" "bl" "-g"
53 error cwd /Git/node-study
54 error node -v v0.10.32
55 error npm -v 1.4.28
56 error path /usr/local/lib/node_modules/bl
57 error fstream_path /usr/local/lib/node_modules/bl
58 error fstream_type Directory
59 error fstream_class DirWriter
60 error code EACCES
61 error errno 3
62 error stack Error: EACCES, mkdir '/usr/local/lib/node_modules/bl'
63 error fstream_stack /usr/local/lib/node_modules/npm/node_modules/fstream/lib/dir-writer.js:36:23
63 error fstream_stack /usr/local/lib/node_modules/npm/node_modules/mkdirp/index.js:46:53
63 error fstream_stack Object.oncomplete (fs.js:107:15)
64 verbose exit [ 3, true ]
